%!Adobe-FontList 1.18
%Locale:0x409

%BeginFont
Handler:DirectoryHandler
FontType:TrueType
FontName:WorkSans-Regular
FamilyName:Work Sans
StyleName:Regular
FullName:Work Sans
MenuName:Work Sans
StyleBits:0
WritingScript:Roman
OutlineFileName:D:\esraaakl.github.io\lab_two\Font\WorkSans-Regular.ttf
DataFormat:sfntData
hasSVG:no
FileLength:131620
FileModTime:1436306400
WeightClass:400
WidthClass:5
AngleClass:0
NameArray:0,Win,1,Work Sans
%EndFont

%BeginFont
Handler:DirectoryHandler
FontType:TrueType
FontName:WorkSans-SemiBold
FamilyName:Work Sans
StyleName:SemiBold
FullName:Work Sans SemiBold
MenuName:Work Sans SemiBold
StyleBits:0
WritingScript:Roman
OutlineFileName:D:\esraaakl.github.io\lab_two\Font\WorkSans-SemiBold.ttf
DataFormat:sfntData
hasSVG:no
FileLength:137868
FileModTime:1436306400
WeightClass:600
WidthClass:5
AngleClass:0
NameArray:0,Win,1,Work Sans SemiBold
NameArray:0,Win,16,Work Sans
%EndFont

